[2025-07-02 20:55:37] CRON job started
[2025-07-02 20:55:37] Found 1 registered emails
[2025-07-02 20:55:37] Failed to send XKCD comics to subscribers
[2025-07-02 21:03:58] CRON job started
[2025-07-02 21:03:58] Found 1 registered emails
[2025-07-02 21:03:59] Successfully sent XKCD comics to all subscribers
[2025-07-02 21:03:59] CRON job completed
[2025-07-02 21:08:24] CRON job started
[2025-07-02 21:08:24] Found 1 registered emails
[2025-07-02 21:08:24] Successfully sent XKCD comics to all subscribers
[2025-07-02 21:08:24] CRON job completed
[2025-07-02 21:13:23] CRON job started
[2025-07-02 21:13:23] Found 1 registered emails
[2025-07-02 21:13:23] Successfully sent XKCD comics to all subscribers
[2025-07-02 21:13:23] CRON job completed
[2025-07-02 21:20:46] CRON job started
[2025-07-02 21:20:46] Found 2 registered emails
[2025-07-02 21:20:46] Successfully sent XKCD comics to all subscribers
[2025-07-02 21:20:46] CRON job completed
[2025-07-02 21:22:51] CRON job started
[2025-07-02 21:22:51] Found 2 registered emails
[2025-07-02 21:22:51] Successfully sent XKCD comics to all subscribers
[2025-07-02 21:22:51] CRON job completed
[2025-07-02 21:23:20] CRON job started
[2025-07-02 21:23:20] Found 1 registered emails
[2025-07-02 21:23:20] Successfully sent XKCD comics to all subscribers
[2025-07-02 21:23:20] CRON job completed
[2025-07-02 21:24:22] CRON job started
[2025-07-02 21:24:22] No registered emails found. Exiting.
[2025-07-02 21:28:40] CRON job started
[2025-07-02 21:28:40] No registered emails found. Exiting.
[2025-07-02 21:29:12] CRON job started
[2025-07-02 21:29:12] Found 1 registered emails
[2025-07-02 21:29:13] Successfully sent XKCD comics to all subscribers
[2025-07-02 21:29:13] CRON job completed
[2025-07-02 21:29:51] CRON job started
[2025-07-02 21:29:51] Found 1 registered emails
[2025-07-02 21:29:51] Successfully sent XKCD comics to all subscribers
[2025-07-02 21:29:51] CRON job completed
[2025-07-02 21:35:53] CRON job started
[2025-07-02 21:35:53] Found 1 registered emails
[2025-07-02 21:35:53] Successfully sent XKCD comics to all subscribers
[2025-07-02 21:35:53] CRON job completed
[2025-07-27 19:28:24] CRON job started
[2025-07-27 19:28:24] Found 2 registered emails
[2025-07-27 19:28:24] Successfully sent XKCD comics to all subscribers
[2025-07-27 19:28:24] CRON job completed
[2025-07-27 19:28:35] CRON job started
[2025-07-27 19:28:35] Found 2 registered emails
[2025-07-27 19:28:36] Successfully sent XKCD comics to all subscribers
[2025-07-27 19:28:36] CRON job completed
[2025-07-27 19:33:58] CRON job started
[2025-07-27 19:33:58] Found 1 registered emails
[2025-07-27 19:33:59] Successfully sent XKCD comics to all subscribers
[2025-07-27 19:33:59] CRON job completed
[2025-07-27 19:34:54] CRON job started
[2025-07-27 19:34:54] Found 1 registered emails
[2025-07-27 19:34:55] Successfully sent XKCD comics to all subscribers
[2025-07-27 19:34:55] CRON job completed
[2025-07-27 19:35:46] CRON job started
[2025-07-27 19:35:46] Found 1 registered emails
[2025-07-27 19:35:47] Successfully sent XKCD comics to all subscribers
[2025-07-27 19:35:47] CRON job completed
[2025-07-27 19:36:57] CRON job started
[2025-07-27 19:36:57] Found 1 registered emails
[2025-07-27 19:36:58] Successfully sent XKCD comics to all subscribers
[2025-07-27 19:36:58] CRON job completed
